\BOOKMARK [1][-]{section.1}{\376\377\000L\000e\000a\000r\000n\000i\000n\000g\000\040\000O\000b\000j\000e\000c\000t\000i\000v\000e\000s}{}% 1
\BOOKMARK [1][-]{section.2}{\376\377\000T\000h\000e\000\040\000D\000a\000t\000a\000\040\000S\000c\000i\000e\000n\000c\000e\000\040\000L\000i\000f\000e\000c\000y\000c\000l\000e\000\040\000C\000o\000n\000t\000e\000x\000t}{}% 2
\BOOKMARK [2][-]{subsection.2.1}{\376\377\000S\000o\000u\000r\000c\000i\000n\000g\000\040\000S\000t\000a\000g\000e\000\040\000R\000e\000v\000i\000e\000w}{section.2}% 3
\BOOKMARK [1][-]{section.3}{\376\377\000F\000u\000n\000d\000a\000m\000e\000n\000t\000a\000l\000\040\000C\000o\000n\000c\000e\000p\000t\000s}{}% 4
\BOOKMARK [2][-]{subsection.3.1}{\376\377\000F\000i\000l\000e\000s\000\040\000a\000n\000d\000\040\000F\000i\000l\000e\000\040\000F\000o\000r\000m\000a\000t\000s}{section.3}% 5
\BOOKMARK [2][-]{subsection.3.2}{\376\377\000D\000a\000t\000a\000b\000a\000s\000e\000s\000\040\000a\000n\000d\000\040\000D\000a\000t\000a\000\040\000M\000o\000d\000e\000l\000s}{section.3}% 6
\BOOKMARK [1][-]{section.4}{\376\377\000D\000a\000t\000a\000\040\000M\000o\000d\000a\000l\000i\000t\000i\000e\000s\000\040\000a\000n\000d\000\040\000O\000r\000g\000a\000n\000i\000z\000a\000t\000i\000o\000n}{}% 7
\BOOKMARK [2][-]{subsection.4.1}{\376\377\000T\000y\000p\000e\000s\000\040\000o\000f\000\040\000D\000a\000t\000a}{section.4}% 8
\BOOKMARK [1][-]{section.5}{\376\377\000S\000t\000r\000u\000c\000t\000u\000r\000e\000d\000\040\000D\000a\000t\000a\000\040\000M\000o\000d\000e\000l\000s}{}% 9
\BOOKMARK [2][-]{subsection.5.1}{\376\377\000R\000e\000l\000a\000t\000i\000o\000n\000s}{section.5}% 10
\BOOKMARK [2][-]{subsection.5.2}{\376\377\000M\000a\000t\000r\000i\000c\000e\000s}{section.5}% 11
\BOOKMARK [2][-]{subsection.5.3}{\376\377\000D\000a\000t\000a\000F\000r\000a\000m\000e\000s}{section.5}% 12
\BOOKMARK [1][-]{section.6}{\376\377\000F\000i\000l\000e\000\040\000F\000o\000r\000m\000a\000t\000s\000\040\000f\000o\000r\000\040\000S\000t\000r\000u\000c\000t\000u\000r\000e\000d\000\040\000D\000a\000t\000a}{}% 13
\BOOKMARK [2][-]{subsection.6.1}{\376\377\000R\000e\000l\000a\000t\000i\000o\000n\000a\000l\000\040\000F\000i\000l\000e\000\040\000F\000o\000r\000m\000a\000t\000s}{section.6}% 14
\BOOKMARK [2][-]{subsection.6.2}{\376\377\000D\000a\000t\000a\000F\000r\000a\000m\000e\000\040\000a\000n\000d\000\040\000M\000a\000t\000r\000i\000x\000\040\000F\000i\000l\000e\000\040\000F\000o\000r\000m\000a\000t\000s}{section.6}% 15
\BOOKMARK [2][-]{subsection.6.3}{\376\377\000S\000e\000q\000u\000e\000n\000c\000e\000\040\000D\000a\000t\000a\000\040\000F\000o\000r\000m\000a\000t\000s}{section.6}% 16
\BOOKMARK [1][-]{section.7}{\376\377\000S\000e\000m\000i\000-\000s\000t\000r\000u\000c\000t\000u\000r\000e\000d\000\040\000D\000a\000t\000a\000\040\000M\000o\000d\000e\000l\000s}{}% 17
\BOOKMARK [2][-]{subsection.7.1}{\376\377\000T\000r\000e\000e\000-\000S\000t\000r\000u\000c\000t\000u\000r\000e\000d\000\040\000D\000a\000t\000a}{section.7}% 18
\BOOKMARK [2][-]{subsection.7.2}{\376\377\000G\000r\000a\000p\000h\000-\000S\000t\000r\000u\000c\000t\000u\000r\000e\000d\000\040\000D\000a\000t\000a}{section.7}% 19
\BOOKMARK [1][-]{section.8}{\376\377\000D\000a\000t\000a\000\040\000L\000a\000k\000e\000s\000\040\000a\000n\000d\000\040\000F\000i\000l\000e\000\040\000F\000o\000r\000m\000a\000t\000\040\000T\000r\000a\000d\000e\000o\000f\000f\000s}{}% 20
\BOOKMARK [2][-]{subsection.8.1}{\376\377\000D\000a\000t\000a\000\040\000L\000a\000k\000e\000\040\000C\000o\000n\000c\000e\000p\000t}{section.8}% 21
\BOOKMARK [1][-]{section.9}{\376\377\000O\000t\000h\000e\000r\000\040\000C\000o\000m\000m\000o\000n\000\040\000F\000i\000l\000e\000\040\000F\000o\000r\000m\000a\000t\000s}{}% 22
\BOOKMARK [2][-]{subsection.9.1}{\376\377\000T\000e\000x\000t\000\040\000F\000i\000l\000e\000s}{section.9}% 23
\BOOKMARK [2][-]{subsection.9.2}{\376\377\000M\000u\000l\000t\000i\000m\000e\000d\000i\000a\000\040\000F\000i\000l\000e\000s}{section.9}% 24
\BOOKMARK [2][-]{subsection.9.3}{\376\377\000D\000o\000c\000u\000m\000e\000n\000t\000/\000M\000u\000l\000t\000i\000m\000o\000d\000a\000l\000\040\000F\000i\000l\000e\000s}{section.9}% 25
\BOOKMARK [1][-]{section.10}{\376\377\000S\000t\000u\000d\000y\000\040\000Q\000u\000e\000s\000t\000i\000o\000n\000s}{}% 26
\BOOKMARK [1][-]{section.11}{\376\377\000A\000d\000d\000i\000t\000i\000o\000n\000a\000l\000\040\000R\000e\000s\000o\000u\000r\000c\000e\000s}{}% 27
