\BOOKMARK [1][-]{section.1}{\376\377\000L\000e\000a\000r\000n\000i\000n\000g\000\040\000O\000b\000j\000e\000c\000t\000i\000v\000e\000s}{}% 1
\BOOKMARK [1][-]{section.2}{\376\377\000T\000h\000e\000\040\000D\000a\000t\000a\000\040\000S\000c\000i\000e\000n\000c\000e\000\040\000L\000i\000f\000e\000c\000y\000c\000l\000e\000\040\000C\000o\000n\000t\000e\000x\000t}{}% 2
\BOOKMARK [2][-]{subsection.2.1}{\376\377\000S\000o\000u\000r\000c\000i\000n\000g\000\040\000S\000t\000a\000g\000e\000\040\000R\000e\000v\000i\000e\000w}{section.2}% 3
\BOOKMARK [1][-]{section.3}{\376\377\000D\000a\000t\000a\000\040\000G\000o\000v\000e\000r\000n\000a\000n\000c\000e\000\040\000F\000u\000n\000d\000a\000m\000e\000n\000t\000a\000l\000s}{}% 4
\BOOKMARK [2][-]{subsection.3.1}{\376\377\000D\000e\000f\000i\000n\000i\000t\000i\000o\000n\000\040\000a\000n\000d\000\040\000P\000u\000r\000p\000o\000s\000e}{section.3}% 5
\BOOKMARK [2][-]{subsection.3.2}{\376\377\000C\000o\000m\000p\000o\000n\000e\000n\000t\000s\000\040\000o\000f\000\040\000D\000a\000t\000a\000\040\000G\000o\000v\000e\000r\000n\000a\000n\000c\000e}{section.3}% 6
\BOOKMARK [1][-]{section.4}{\376\377\000D\000a\000t\000a\000\040\000P\000r\000o\000v\000e\000n\000a\000n\000c\000e}{}% 7
\BOOKMARK [2][-]{subsection.4.1}{\376\377\000D\000e\000f\000i\000n\000i\000t\000i\000o\000n\000\040\000a\000n\000d\000\040\000I\000m\000p\000o\000r\000t\000a\000n\000c\000e}{section.4}% 8
\BOOKMARK [2][-]{subsection.4.2}{\376\377\000P\000r\000o\000v\000e\000n\000a\000n\000c\000e\000\040\000M\000a\000n\000a\000g\000e\000m\000e\000n\000t\000\040\000T\000e\000c\000h\000n\000i\000q\000u\000e\000s}{section.4}% 9
\BOOKMARK [1][-]{section.5}{\376\377\000O\000r\000g\000a\000n\000i\000z\000a\000t\000i\000o\000n\000a\000l\000\040\000C\000h\000a\000l\000l\000e\000n\000g\000e\000s\000\040\000i\000n\000\040\000D\000a\000t\000a\000\040\000G\000o\000v\000e\000r\000n\000a\000n\000c\000e}{}% 10
\BOOKMARK [2][-]{subsection.5.1}{\376\377\000C\000o\000m\000m\000o\000n\000\040\000C\000h\000a\000l\000l\000e\000n\000g\000e\000s}{section.5}% 11
\BOOKMARK [2][-]{subsection.5.2}{\376\377\000G\000o\000v\000e\000r\000n\000a\000n\000c\000e\000\040\000M\000a\000t\000u\000r\000i\000t\000y\000\040\000M\000o\000d\000e\000l}{section.5}% 12
\BOOKMARK [1][-]{section.6}{\376\377\000D\000a\000t\000a\000\040\000P\000r\000i\000v\000a\000c\000y\000\040\000L\000a\000w\000s\000\040\000a\000n\000d\000\040\000R\000e\000g\000u\000l\000a\000t\000i\000o\000n\000s}{}% 13
\BOOKMARK [2][-]{subsection.6.1}{\376\377\000G\000l\000o\000b\000a\000l\000\040\000P\000r\000i\000v\000a\000c\000y\000\040\000L\000a\000n\000d\000s\000c\000a\000p\000e}{section.6}% 14
\BOOKMARK [2][-]{subsection.6.2}{\376\377\000K\000e\000y\000\040\000P\000r\000i\000v\000a\000c\000y\000\040\000P\000r\000i\000n\000c\000i\000p\000l\000e\000s}{section.6}% 15
\BOOKMARK [1][-]{section.7}{\376\377\000P\000r\000i\000v\000a\000c\000y\000\040\000b\000y\000\040\000D\000e\000s\000i\000g\000n}{}% 16
\BOOKMARK [2][-]{subsection.7.1}{\376\377\000C\000o\000n\000c\000e\000p\000t\000\040\000a\000n\000d\000\040\000P\000r\000i\000n\000c\000i\000p\000l\000e\000s}{section.7}% 17
\BOOKMARK [2][-]{subsection.7.2}{\376\377\000I\000m\000p\000l\000e\000m\000e\000n\000t\000a\000t\000i\000o\000n\000\040\000i\000n\000\040\000D\000a\000t\000a\000\040\000S\000c\000i\000e\000n\000c\000e}{section.7}% 18
\BOOKMARK [1][-]{section.8}{\376\377\000B\000a\000l\000a\000n\000c\000i\000n\000g\000\040\000I\000n\000n\000o\000v\000a\000t\000i\000o\000n\000\040\000a\000n\000d\000\040\000C\000o\000m\000p\000l\000i\000a\000n\000c\000e}{}% 19
\BOOKMARK [1][-]{section.9}{\376\377\000S\000t\000u\000d\000y\000\040\000Q\000u\000e\000s\000t\000i\000o\000n\000s}{}% 20
